Line 15: Class MSDataGridLib.DataGrid of control DataGrid2 was not a loaded control class.
Line 115: Class MSAdodcLib.Adodc of control Adodc2 was not a loaded control class.
Line 162: Class MSAdodcLib.Adodc of control Adodc1 was not a loaded control class.
Line 215: Class MSDataGridLib.DataGrid of control DataGrid1 was not a loaded control class.
Line 490: Class MSComCtl2.DTPicker of control dttanggal was not a loaded control class.
Line 16: The property name Bindings in DataGrid2 is invalid.
Line 22: The property name _ExtentX in DataGrid2 is invalid.
Line 23: The property name _ExtentY in DataGrid2 is invalid.
Line 24: The property name _Version in DataGrid2 is invalid.
Line 25: The property name HeadLines in DataGrid2 is invalid.
Line 26: The property name RowHeight in DataGrid2 is invalid.
Line 27: The property name FormatLocked in DataGrid2 is invalid.
Line 36: The property name HeadFont in DataGrid2 is invalid.
Line 46: The property name ColumnCount in DataGrid2 is invalid.
Line 59: The property name Column00 in DataGrid2 is invalid.
Line 72: The property name Column01 in DataGrid2 is invalid.
Line 85: The property name Column02 in DataGrid2 is invalid.
Line 98: The property name Column03 in DataGrid2 is invalid.
Line 99: The property name SplitCount in DataGrid2 is invalid.
Line 102: Property ColumnWidth in Column00 had an invalid value.
Line 105: Property ColumnWidth in Column01 had an invalid value.
Line 108: Property ColumnWidth in Column02 had an invalid value.
Line 111: Property ColumnWidth in Column03 had an invalid value.
Line 113: The property name Split0 in DataGrid2 is invalid.
Line 121: The property name _ExtentX in Adodc2 is invalid.
Line 122: The property name _ExtentY in Adodc2 is invalid.
Line 123: The property name ConnectMode in Adodc2 is invalid.
Line 124: The property name CursorLocation in Adodc2 is invalid.
Line 125: The property name IsolationLevel in Adodc2 is invalid.
Line 126: The property name ConnectionTimeout in Adodc2 is invalid.
Line 127: The property name CommandTimeout in Adodc2 is invalid.
Line 128: The property name CursorType in Adodc2 is invalid.
Line 129: The property name LockType in Adodc2 is invalid.
Line 130: The property name CommandType in Adodc2 is invalid.
Line 131: The property name CursorOptions in Adodc2 is invalid.
Line 132: The property name CacheSize in Adodc2 is invalid.
Line 133: The property name MaxRecords in Adodc2 is invalid.
Line 134: The property name BOFAction in Adodc2 is invalid.
Line 135: The property name EOFAction in Adodc2 is invalid.
Line 136: The property name ConnectStringType in Adodc2 is invalid.
Line 140: The property name Orientation in Adodc2 is invalid.
Line 142: The property name Connect in Adodc2 is invalid.
Line 143: The property name OLEDBString in Adodc2 is invalid.
Line 144: The property name OLEDBFile in Adodc2 is invalid.
Line 145: The property name DataSourceName in Adodc2 is invalid.
Line 146: The property name OtherAttributes in Adodc2 is invalid.
Line 147: The property name UserName in Adodc2 is invalid.
Line 148: The property name Password in Adodc2 is invalid.
Line 149: The property name RecordSource in Adodc2 is invalid.
Line 150: The property name Caption in Adodc2 is invalid.
Line 160: The property name _Version in Adodc2 is invalid.
Line 168: The property name _ExtentX in Adodc1 is invalid.
Line 169: The property name _ExtentY in Adodc1 is invalid.
Line 170: The property name ConnectMode in Adodc1 is invalid.
Line 171: The property name CursorLocation in Adodc1 is invalid.
Line 172: The property name IsolationLevel in Adodc1 is invalid.
Line 173: The property name ConnectionTimeout in Adodc1 is invalid.
Line 174: The property name CommandTimeout in Adodc1 is invalid.
Line 175: The property name CursorType in Adodc1 is invalid.
Line 176: The property name LockType in Adodc1 is invalid.
Line 177: The property name CommandType in Adodc1 is invalid.
Line 178: The property name CursorOptions in Adodc1 is invalid.
Line 179: The property name CacheSize in Adodc1 is invalid.
Line 180: The property name MaxRecords in Adodc1 is invalid.
Line 181: The property name BOFAction in Adodc1 is invalid.
Line 182: The property name EOFAction in Adodc1 is invalid.
Line 183: The property name ConnectStringType in Adodc1 is invalid.
Line 187: The property name Orientation in Adodc1 is invalid.
Line 189: The property name Connect in Adodc1 is invalid.
Line 190: The property name OLEDBString in Adodc1 is invalid.
Line 191: The property name OLEDBFile in Adodc1 is invalid.
Line 192: The property name DataSourceName in Adodc1 is invalid.
Line 193: The property name OtherAttributes in Adodc1 is invalid.
Line 194: The property name UserName in Adodc1 is invalid.
Line 195: The property name Password in Adodc1 is invalid.
Line 196: The property name RecordSource in Adodc1 is invalid.
Line 197: The property name Caption in Adodc1 is invalid.
Line 207: The property name _Version in Adodc1 is invalid.
Line 216: The property name Bindings in DataGrid1 is invalid.
Line 222: The property name _ExtentX in DataGrid1 is invalid.
Line 223: The property name _ExtentY in DataGrid1 is invalid.
Line 224: The property name _Version in DataGrid1 is invalid.
Line 225: The property name HeadLines in DataGrid1 is invalid.
Line 226: The property name RowHeight in DataGrid1 is invalid.
Line 227: The property name FormatLocked in DataGrid1 is invalid.
Line 236: The property name HeadFont in DataGrid1 is invalid.
Line 246: The property name ColumnCount in DataGrid1 is invalid.
Line 259: The property name Column00 in DataGrid1 is invalid.
Line 272: The property name Column01 in DataGrid1 is invalid.
Line 285: The property name Column02 in DataGrid1 is invalid.
Line 298: The property name Column03 in DataGrid1 is invalid.
Line 311: The property name Column04 in DataGrid1 is invalid.
Line 324: The property name Column05 in DataGrid1 is invalid.
Line 337: The property name Column06 in DataGrid1 is invalid.
Line 350: The property name Column07 in DataGrid1 is invalid.
Line 363: The property name Column08 in DataGrid1 is invalid.
Line 376: The property name Column09 in DataGrid1 is invalid.
Line 377: The property name SplitCount in DataGrid1 is invalid.
Line 380: Property ColumnWidth in Column00 had an invalid value.
Line 383: Property ColumnWidth in Column01 had an invalid value.
Line 386: Property ColumnWidth in Column02 had an invalid value.
Line 389: Property ColumnWidth in Column03 had an invalid value.
Line 392: Property ColumnWidth in Column04 had an invalid value.
Line 395: Property ColumnWidth in Column05 had an invalid value.
Line 398: Property ColumnWidth in Column06 had an invalid value.
Line 401: Property ColumnWidth in Column07 had an invalid value.
Line 404: Property ColumnWidth in Column08 had an invalid value.
Line 407: Property ColumnWidth in Column09 had an invalid value.
Line 409: The property name Split0 in DataGrid1 is invalid.
Line 496: The property name _ExtentX in dttanggal is invalid.
Line 497: The property name _ExtentY in dttanggal is invalid.
Line 498: The property name _Version in dttanggal is invalid.
Line 499: The property name Format in dttanggal is invalid.
Line 500: The property name CurrentDate in dttanggal is invalid.
